{
"contracts\\Erc20ToUsdPriceFeed.sol":{"l":{"14":10,"15":10,"16":10,"20":10,"24":1,"28":1,"34":0,"44":10},"path":"D:\\web3_homework\\solidity_homework_project\\taskThree\\contracts\\Erc20ToUsdPriceFeed.sol","s":{"1":10,"2":1,"3":1,"4":0,"5":10},"b":{},"f":{"1":10,"2":10,"3":1,"4":1,"5":0,"6":10},"fnMap":{"1":{"name":"constructor","line":13,"loc":{"start":{"line":13,"column":4},"end":{"line":17,"column":4}}},"2":{"name":"decimals","line":19,"loc":{"start":{"line":19,"column":4},"end":{"line":21,"column":4}}},"3":{"name":"description","line":23,"loc":{"start":{"line":23,"column":4},"end":{"line":25,"column":4}}},"4":{"name":"version","line":27,"loc":{"start":{"line":27,"column":4},"end":{"line":29,"column":4}}},"5":{"name":"getRoundData","line":31,"loc":{"start":{"line":31,"column":4},"end":{"line":35,"column":4}}},"6":{"name":"latestRoundData","line":37,"loc":{"start":{"line":37,"column":4},"end":{"line":45,"column":4}}}},"statementMap":{"1":{"start":{"line":20,"column":8},"end":{"line":20,"column":24}},"2":{"start":{"line":24,"column":8},"end":{"line":24,"column":36}},"3":{"start":{"line":28,"column":8},"end":{"line":28,"column":16}},"4":{"start":{"line":34,"column":8},"end":{"line":34,"column":77}},"5":{"start":{"line":44,"column":8},"end":{"line":44,"column":77}}},"branchMap":{}},
"contracts\\EthToUsdPriceFeed.sol":{"l":{"14":10,"15":10,"16":10,"20":33,"24":1,"28":1,"34":0,"44":33},"path":"D:\\web3_homework\\solidity_homework_project\\taskThree\\contracts\\EthToUsdPriceFeed.sol","s":{"1":33,"2":1,"3":1,"4":0,"5":33},"b":{},"f":{"1":10,"2":33,"3":1,"4":1,"5":0,"6":33},"fnMap":{"1":{"name":"constructor","line":13,"loc":{"start":{"line":13,"column":4},"end":{"line":17,"column":4}}},"2":{"name":"decimals","line":19,"loc":{"start":{"line":19,"column":4},"end":{"line":21,"column":4}}},"3":{"name":"description","line":23,"loc":{"start":{"line":23,"column":4},"end":{"line":25,"column":4}}},"4":{"name":"version","line":27,"loc":{"start":{"line":27,"column":4},"end":{"line":29,"column":4}}},"5":{"name":"getRoundData","line":31,"loc":{"start":{"line":31,"column":4},"end":{"line":35,"column":4}}},"6":{"name":"latestRoundData","line":37,"loc":{"start":{"line":37,"column":4},"end":{"line":45,"column":4}}}},"statementMap":{"1":{"start":{"line":20,"column":8},"end":{"line":20,"column":24}},"2":{"start":{"line":24,"column":8},"end":{"line":24,"column":34}},"3":{"start":{"line":28,"column":8},"end":{"line":28,"column":16}},"4":{"start":{"line":34,"column":8},"end":{"line":34,"column":77}},"5":{"start":{"line":44,"column":8},"end":{"line":44,"column":77}}},"branchMap":{}},
"contracts\\Lock.sol":{"l":{"14":2,"19":1,"20":1,"27":5,"28":4,"30":3,"32":3},"path":"D:\\web3_homework\\solidity_homework_project\\taskThree\\contracts\\Lock.sol","s":{"1":2,"2":5,"3":4,"4":3,"5":3},"b":{"1":[1,1],"2":[4,1],"3":[3,1]},"f":{"1":2,"2":5},"fnMap":{"1":{"name":"constructor","line":13,"loc":{"start":{"line":13,"column":2},"end":{"line":21,"column":2}}},"2":{"name":"withdraw","line":23,"loc":{"start":{"line":23,"column":2},"end":{"line":33,"column":2}}}},"statementMap":{"1":{"start":{"line":14,"column":4},"end":{"line":14,"column":312}},"2":{"start":{"line":27,"column":4},"end":{"line":27,"column":67}},"3":{"start":{"line":28,"column":4},"end":{"line":28,"column":55}},"4":{"start":{"line":30,"column":4},"end":{"line":30,"column":59}},"5":{"start":{"line":32,"column":4},"end":{"line":32,"column":40}}},"branchMap":{"1":{"line":14,"type":"if","locations":[{"start":{"line":14,"column":4},"end":{"line":14,"column":4}},{"start":{"line":14,"column":4},"end":{"line":14,"column":4}}]},"2":{"line":27,"type":"if","locations":[{"start":{"line":27,"column":4},"end":{"line":27,"column":4}},{"start":{"line":27,"column":4},"end":{"line":27,"column":4}}]},"3":{"line":28,"type":"if","locations":[{"start":{"line":28,"column":4},"end":{"line":28,"column":4}},{"start":{"line":28,"column":4},"end":{"line":28,"column":4}}]}}},
"contracts\\MyAuction.sol":{"l":{"79":13,"80":13,"84":2,"85":2,"104":13,"105":13,"106":13,"109":13,"110":13,"111":13,"112":13,"113":13,"115":13,"119":13,"135":13,"140":15,"146":18,"147":18,"152":41,"153":41,"155":41,"156":41,"157":41,"159":41,"162":41,"163":41,"164":32,"166":9,"170":41,"174":41,"179":7,"182":7,"184":7,"186":7,"187":7,"188":6,"192":5,"195":5,"196":5,"197":5,"199":5,"205":6,"206":6,"207":6,"210":6,"212":6,"214":6,"215":6,"216":5,"219":4,"223":4,"226":4,"227":4,"228":4,"230":4,"235":9,"236":3,"238":2,"241":1,"248":2,"250":2,"253":2,"268":1,"269":1,"270":1,"272":1,"277":1,"278":1,"279":1,"282":1,"292":1,"294":1,"296":1,"298":1,"303":2,"304":2,"307":2,"308":1,"309":1,"311":1,"313":0,"316":1,"320":2,"328":0,"333":0,"334":0},"path":"D:\\web3_homework\\solidity_homework_project\\taskThree\\contracts\\MyAuction.sol","s":{"1":13,"2":2,"3":13,"4":13,"5":13,"6":13,"7":13,"8":13,"9":13,"10":13,"11":13,"12":13,"13":15,"14":41,"15":41,"16":41,"17":41,"18":41,"19":41,"20":41,"21":41,"22":41,"23":41,"24":7,"25":7,"26":7,"27":7,"28":7,"29":6,"30":5,"31":5,"32":6,"33":6,"34":6,"35":6,"36":6,"37":6,"38":6,"39":5,"40":4,"41":4,"42":4,"43":9,"44":3,"45":2,"46":1,"47":2,"48":2,"49":1,"50":1,"51":1,"52":1,"53":1,"54":1,"55":1,"56":1,"57":1,"58":1,"59":2,"60":2,"61":2,"62":1,"63":1,"64":1,"65":0,"66":1,"67":0,"68":0},"b":{"1":[13,0],"2":[2,0],"3":[13,0],"4":[13,0],"5":[13,0],"6":[13,0],"7":[13,0],"8":[13,0],"9":[13,0],"10":[0,13],"11":[41,0],"12":[41,0],"13":[41,0],"14":[32,9],"15":[7,0],"16":[7,0],"17":[7,0],"18":[6,1],"19":[5,1],"20":[6,0],"21":[6,0],"22":[6,0],"23":[6,0],"24":[6,0],"25":[5,1],"26":[4,1],"27":[3,6],"28":[2,1],"29":[2,0],"30":[2,0],"31":[1,0],"32":[1,0],"33":[1,0],"34":[1,0],"35":[1,0],"36":[1,0],"37":[1,0],"38":[1,0],"39":[1,0],"40":[2,0],"41":[2,0],"42":[2,0],"43":[1,1],"44":[0,1],"45":[0,0],"46":[0,0],"47":[0,0]},"f":{"1":13,"2":2,"3":13,"4":15,"5":18,"6":41,"7":7,"8":6,"9":9,"10":2,"11":1,"12":1,"13":1,"14":2,"15":0,"16":0},"fnMap":{"1":{"name":"onlyBeforeEnd","line":78,"loc":{"start":{"line":78,"column":4},"end":{"line":81,"column":4}}},"2":{"name":"onlyAfterEnd","line":83,"loc":{"start":{"line":83,"column":4},"end":{"line":86,"column":4}}},"3":{"name":"initialize","line":103,"loc":{"start":{"line":96,"column":4},"end":{"line":136,"column":4}}},"4":{"name":"getAuctionInfo","line":139,"loc":{"start":{"line":139,"column":4},"end":{"line":141,"column":4}}},"5":{"name":"setPriceFeeds","line":145,"loc":{"start":{"line":145,"column":4},"end":{"line":148,"column":4}}},"6":{"name":"getPriceUSD","line":151,"loc":{"start":{"line":151,"column":4},"end":{"line":175,"column":4}}},"7":{"name":"bidByETH","line":178,"loc":{"start":{"line":178,"column":4},"end":{"line":200,"column":4}}},"8":{"name":"bidByToken","line":204,"loc":{"start":{"line":204,"column":4},"end":{"line":231,"column":4}}},"9":{"name":"_refundPreviousBidder","line":234,"loc":{"start":{"line":234,"column":4},"end":{"line":244,"column":4}}},"10":{"name":"endAuction","line":247,"loc":{"start":{"line":247,"column":4},"end":{"line":262,"column":4}}},"11":{"name":"claimNFT","line":267,"loc":{"start":{"line":267,"column":4},"end":{"line":273,"column":4}}},"12":{"name":"claimNFTtoSeller","line":276,"loc":{"start":{"line":276,"column":4},"end":{"line":288,"column":4}}},"13":{"name":"_transferNFT","line":291,"loc":{"start":{"line":291,"column":4},"end":{"line":299,"column":4}}},"14":{"name":"claimPayment","line":302,"loc":{"start":{"line":302,"column":4},"end":{"line":321,"column":4}}},"15":{"name":"_authorizeUpgrade","line":324,"loc":{"start":{"line":324,"column":4},"end":{"line":324,"column":87}}},"16":{"name":"withdrawStuckETH","line":332,"loc":{"start":{"line":332,"column":4},"end":{"line":335,"column":4}}}},"statementMap":{"1":{"start":{"line":79,"column":8},"end":{"line":79,"column":96}},"2":{"start":{"line":84,"column":8},"end":{"line":84,"column":79}},"3":{"start":{"line":104,"column":8},"end":{"line":104,"column":30}},"4":{"start":{"line":105,"column":8},"end":{"line":105,"column":31}},"5":{"start":{"line":106,"column":8},"end":{"line":106,"column":31}},"6":{"start":{"line":109,"column":8},"end":{"line":109,"column":63}},"7":{"start":{"line":110,"column":8},"end":{"line":110,"column":64}},"8":{"start":{"line":111,"column":8},"end":{"line":111,"column":49}},"9":{"start":{"line":112,"column":8},"end":{"line":112,"column":54}},"10":{"start":{"line":113,"column":8},"end":{"line":113,"column":49}},"11":{"start":{"line":115,"column":8},"end":{"line":115,"column":3871}},"12":{"start":{"line":135,"column":8},"end":{"line":135,"column":93}},"13":{"start":{"line":140,"column":8},"end":{"line":140,"column":26}},"14":{"start":{"line":152,"column":8},"end":{"line":152,"column":68}},"15":{"start":{"line":153,"column":8},"end":{"line":153,"column":62}},"16":{"start":{"line":155,"column":8},"end":{"line":155,"column":66}},"17":{"start":{"line":156,"column":8},"end":{"line":156,"column":61}},"18":{"start":{"line":157,"column":8},"end":{"line":157,"column":42}},"19":{"start":{"line":159,"column":8},"end":{"line":159,"column":49}},"20":{"start":{"line":162,"column":8},"end":{"line":162,"column":27}},"21":{"start":{"line":163,"column":8},"end":{"line":163,"column":5689}},"22":{"start":{"line":170,"column":8},"end":{"line":170,"column":88}},"23":{"start":{"line":174,"column":8},"end":{"line":174,"column":75}},"24":{"start":{"line":179,"column":8},"end":{"line":179,"column":69}},"25":{"start":{"line":182,"column":8},"end":{"line":182,"column":59}},"26":{"start":{"line":184,"column":8},"end":{"line":184,"column":98}},"27":{"start":{"line":186,"column":8},"end":{"line":186,"column":104}},"28":{"start":{"line":187,"column":8},"end":{"line":187,"column":89}},"29":{"start":{"line":188,"column":8},"end":{"line":188,"column":98}},"30":{"start":{"line":192,"column":8},"end":{"line":192,"column":30}},"31":{"start":{"line":199,"column":8},"end":{"line":199,"column":88}},"32":{"start":{"line":205,"column":8},"end":{"line":205,"column":70}},"33":{"start":{"line":206,"column":8},"end":{"line":206,"column":71}},"34":{"start":{"line":207,"column":8},"end":{"line":207,"column":66}},"35":{"start":{"line":210,"column":8},"end":{"line":210,"column":61}},"36":{"start":{"line":212,"column":8},"end":{"line":212,"column":98}},"37":{"start":{"line":214,"column":8},"end":{"line":214,"column":104}},"38":{"start":{"line":215,"column":8},"end":{"line":215,"column":89}},"39":{"start":{"line":216,"column":8},"end":{"line":216,"column":98}},"40":{"start":{"line":219,"column":8},"end":{"line":219,"column":82}},"41":{"start":{"line":223,"column":8},"end":{"line":223,"column":30}},"42":{"start":{"line":230,"column":8},"end":{"line":230,"column":90}},"43":{"start":{"line":235,"column":8},"end":{"line":235,"column":8688}},"44":{"start":{"line":236,"column":12},"end":{"line":236,"column":8752}},"45":{"start":{"line":238,"column":16},"end":{"line":238,"column":84}},"46":{"start":{"line":241,"column":16},"end":{"line":241,"column":120}},"47":{"start":{"line":248,"column":8},"end":{"line":248,"column":63}},"48":{"start":{"line":253,"column":8},"end":{"line":253,"column":9376}},"49":{"start":{"line":268,"column":8},"end":{"line":268,"column":55}},"50":{"start":{"line":269,"column":8},"end":{"line":269,"column":77}},"51":{"start":{"line":270,"column":8},"end":{"line":270,"column":71}},"52":{"start":{"line":272,"column":8},"end":{"line":272,"column":46}},"53":{"start":{"line":277,"column":8},"end":{"line":277,"column":55}},"54":{"start":{"line":278,"column":8},"end":{"line":278,"column":77}},"55":{"start":{"line":279,"column":8},"end":{"line":279,"column":71}},"56":{"start":{"line":292,"column":8},"end":{"line":292,"column":71}},"57":{"start":{"line":294,"column":8},"end":{"line":294,"column":100}},"58":{"start":{"line":298,"column":8},"end":{"line":298,"column":72}},"59":{"start":{"line":303,"column":8},"end":{"line":303,"column":55}},"60":{"start":{"line":304,"column":8},"end":{"line":304,"column":79}},"61":{"start":{"line":307,"column":8},"end":{"line":307,"column":11322}},"62":{"start":{"line":308,"column":12},"end":{"line":308,"column":57}},"63":{"start":{"line":309,"column":12},"end":{"line":309,"column":69}},"64":{"start":{"line":311,"column":12},"end":{"line":311,"column":11520}},"65":{"start":{"line":313,"column":16},"end":{"line":313,"column":63}},"66":{"start":{"line":316,"column":16},"end":{"line":316,"column":83}},"67":{"start":{"line":333,"column":8},"end":{"line":333,"column":71}},"68":{"start":{"line":334,"column":8},"end":{"line":334,"column":35}}},"branchMap":{"1":{"line":79,"type":"if","locations":[{"start":{"line":79,"column":8},"end":{"line":79,"column":8}},{"start":{"line":79,"column":8},"end":{"line":79,"column":8}}]},"2":{"line":84,"type":"if","locations":[{"start":{"line":84,"column":8},"end":{"line":84,"column":8}},{"start":{"line":84,"column":8},"end":{"line":84,"column":8}}]},"3":{"line":103,"type":"if","locations":[{"start":{"line":103,"column":15},"end":{"line":103,"column":15}},{"start":{"line":103,"column":15},"end":{"line":103,"column":15}}]},"4":{"line":109,"type":"if","locations":[{"start":{"line":109,"column":8},"end":{"line":109,"column":8}},{"start":{"line":109,"column":8},"end":{"line":109,"column":8}}]},"5":{"line":110,"type":"if","locations":[{"start":{"line":110,"column":8},"end":{"line":110,"column":8}},{"start":{"line":110,"column":8},"end":{"line":110,"column":8}}]},"6":{"line":111,"type":"if","locations":[{"start":{"line":111,"column":8},"end":{"line":111,"column":8}},{"start":{"line":111,"column":8},"end":{"line":111,"column":8}}]},"7":{"line":112,"type":"if","locations":[{"start":{"line":112,"column":8},"end":{"line":112,"column":8}},{"start":{"line":112,"column":8},"end":{"line":112,"column":8}}]},"8":{"line":113,"type":"if","locations":[{"start":{"line":113,"column":8},"end":{"line":113,"column":8}},{"start":{"line":113,"column":8},"end":{"line":113,"column":8}}]},"9":{"line":115,"type":"if","locations":[{"start":{"line":115,"column":8},"end":{"line":115,"column":8}},{"start":{"line":115,"column":8},"end":{"line":115,"column":8}}]},"10":{"line":115,"type":"cond-expr","locations":[{"start":{"line":115,"column":16},"end":{"line":115,"column":76}},{"start":{"line":116,"column":16},"end":{"line":116,"column":74}}]},"11":{"line":152,"type":"if","locations":[{"start":{"line":152,"column":8},"end":{"line":152,"column":8}},{"start":{"line":152,"column":8},"end":{"line":152,"column":8}}]},"12":{"line":153,"type":"if","locations":[{"start":{"line":153,"column":8},"end":{"line":153,"column":8}},{"start":{"line":153,"column":8},"end":{"line":153,"column":8}}]},"13":{"line":157,"type":"if","locations":[{"start":{"line":157,"column":8},"end":{"line":157,"column":8}},{"start":{"line":157,"column":8},"end":{"line":157,"column":8}}]},"14":{"line":163,"type":"if","locations":[{"start":{"line":163,"column":8},"end":{"line":163,"column":8}},{"start":{"line":163,"column":8},"end":{"line":163,"column":8}}]},"15":{"line":178,"type":"if","locations":[{"start":{"line":178,"column":41},"end":{"line":178,"column":41}},{"start":{"line":178,"column":41},"end":{"line":178,"column":41}}]},"16":{"line":178,"type":"if","locations":[{"start":{"line":178,"column":54},"end":{"line":178,"column":54}},{"start":{"line":178,"column":54},"end":{"line":178,"column":54}}]},"17":{"line":179,"type":"if","locations":[{"start":{"line":179,"column":8},"end":{"line":179,"column":8}},{"start":{"line":179,"column":8},"end":{"line":179,"column":8}}]},"18":{"line":187,"type":"if","locations":[{"start":{"line":187,"column":8},"end":{"line":187,"column":8}},{"start":{"line":187,"column":8},"end":{"line":187,"column":8}}]},"19":{"line":188,"type":"if","locations":[{"start":{"line":188,"column":8},"end":{"line":188,"column":8}},{"start":{"line":188,"column":8},"end":{"line":188,"column":8}}]},"20":{"line":204,"type":"if","locations":[{"start":{"line":204,"column":74},"end":{"line":204,"column":74}},{"start":{"line":204,"column":74},"end":{"line":204,"column":74}}]},"21":{"line":204,"type":"if","locations":[{"start":{"line":204,"column":87},"end":{"line":204,"column":87}},{"start":{"line":204,"column":87},"end":{"line":204,"column":87}}]},"22":{"line":205,"type":"if","locations":[{"start":{"line":205,"column":8},"end":{"line":205,"column":8}},{"start":{"line":205,"column":8},"end":{"line":205,"column":8}}]},"23":{"line":206,"type":"if","locations":[{"start":{"line":206,"column":8},"end":{"line":206,"column":8}},{"start":{"line":206,"column":8},"end":{"line":206,"column":8}}]},"24":{"line":207,"type":"if","locations":[{"start":{"line":207,"column":8},"end":{"line":207,"column":8}},{"start":{"line":207,"column":8},"end":{"line":207,"column":8}}]},"25":{"line":215,"type":"if","locations":[{"start":{"line":215,"column":8},"end":{"line":215,"column":8}},{"start":{"line":215,"column":8},"end":{"line":215,"column":8}}]},"26":{"line":216,"type":"if","locations":[{"start":{"line":216,"column":8},"end":{"line":216,"column":8}},{"start":{"line":216,"column":8},"end":{"line":216,"column":8}}]},"27":{"line":235,"type":"if","locations":[{"start":{"line":235,"column":8},"end":{"line":235,"column":8}},{"start":{"line":235,"column":8},"end":{"line":235,"column":8}}]},"28":{"line":236,"type":"if","locations":[{"start":{"line":236,"column":12},"end":{"line":236,"column":12}},{"start":{"line":236,"column":12},"end":{"line":236,"column":12}}]},"29":{"line":247,"type":"if","locations":[{"start":{"line":247,"column":35},"end":{"line":247,"column":35}},{"start":{"line":247,"column":35},"end":{"line":247,"column":35}}]},"30":{"line":248,"type":"if","locations":[{"start":{"line":248,"column":8},"end":{"line":248,"column":8}},{"start":{"line":248,"column":8},"end":{"line":248,"column":8}}]},"31":{"line":267,"type":"if","locations":[{"start":{"line":267,"column":33},"end":{"line":267,"column":33}},{"start":{"line":267,"column":33},"end":{"line":267,"column":33}}]},"32":{"line":268,"type":"if","locations":[{"start":{"line":268,"column":8},"end":{"line":268,"column":8}},{"start":{"line":268,"column":8},"end":{"line":268,"column":8}}]},"33":{"line":269,"type":"if","locations":[{"start":{"line":269,"column":8},"end":{"line":269,"column":8}},{"start":{"line":269,"column":8},"end":{"line":269,"column":8}}]},"34":{"line":270,"type":"if","locations":[{"start":{"line":270,"column":8},"end":{"line":270,"column":8}},{"start":{"line":270,"column":8},"end":{"line":270,"column":8}}]},"35":{"line":276,"type":"if","locations":[{"start":{"line":276,"column":41},"end":{"line":276,"column":41}},{"start":{"line":276,"column":41},"end":{"line":276,"column":41}}]},"36":{"line":277,"type":"if","locations":[{"start":{"line":277,"column":8},"end":{"line":277,"column":8}},{"start":{"line":277,"column":8},"end":{"line":277,"column":8}}]},"37":{"line":278,"type":"if","locations":[{"start":{"line":278,"column":8},"end":{"line":278,"column":8}},{"start":{"line":278,"column":8},"end":{"line":278,"column":8}}]},"38":{"line":279,"type":"if","locations":[{"start":{"line":279,"column":8},"end":{"line":279,"column":8}},{"start":{"line":279,"column":8},"end":{"line":279,"column":8}}]},"39":{"line":292,"type":"if","locations":[{"start":{"line":292,"column":8},"end":{"line":292,"column":8}},{"start":{"line":292,"column":8},"end":{"line":292,"column":8}}]},"40":{"line":302,"type":"if","locations":[{"start":{"line":302,"column":37},"end":{"line":302,"column":37}},{"start":{"line":302,"column":37},"end":{"line":302,"column":37}}]},"41":{"line":303,"type":"if","locations":[{"start":{"line":303,"column":8},"end":{"line":303,"column":8}},{"start":{"line":303,"column":8},"end":{"line":303,"column":8}}]},"42":{"line":304,"type":"if","locations":[{"start":{"line":304,"column":8},"end":{"line":304,"column":8}},{"start":{"line":304,"column":8},"end":{"line":304,"column":8}}]},"43":{"line":307,"type":"if","locations":[{"start":{"line":307,"column":8},"end":{"line":307,"column":8}},{"start":{"line":307,"column":8},"end":{"line":307,"column":8}}]},"44":{"line":311,"type":"if","locations":[{"start":{"line":311,"column":12},"end":{"line":311,"column":12}},{"start":{"line":311,"column":12},"end":{"line":311,"column":12}}]},"45":{"line":324,"type":"if","locations":[{"start":{"line":324,"column":76},"end":{"line":324,"column":76}},{"start":{"line":324,"column":76},"end":{"line":324,"column":76}}]},"46":{"line":332,"type":"if","locations":[{"start":{"line":332,"column":67},"end":{"line":332,"column":67}},{"start":{"line":332,"column":67},"end":{"line":332,"column":67}}]},"47":{"line":333,"type":"if","locations":[{"start":{"line":333,"column":8},"end":{"line":333,"column":8}},{"start":{"line":333,"column":8},"end":{"line":333,"column":8}}]}}},
"contracts\\MyAuctionFactory.sol":{"l":{"45":5,"46":5,"48":5,"49":5,"60":5,"61":5,"62":5,"63":5,"66":4,"79":4,"81":4,"88":4,"89":4,"92":4,"93":4,"95":4,"107":4,"117":4,"122":4,"124":4,"126":4,"132":1,"137":1,"138":1,"140":1,"141":1,"142":1,"144":1},"path":"D:\\web3_homework\\solidity_homework_project\\taskThree\\contracts\\MyAuctionFactory.sol","s":{"1":5,"2":5,"3":5,"4":5,"5":5,"6":5,"7":4,"8":4,"9":4,"10":4,"11":4,"12":4,"13":4,"14":4,"15":4,"16":4,"17":4,"18":1,"19":1,"20":1,"21":1,"22":1},"b":{"1":[5,0],"2":[5,0],"3":[5,0],"4":[5,0],"5":[5,0],"6":[4,1],"7":[4,0],"8":[1,0],"9":[1,0],"10":[1,0]},"f":{"1":5,"2":5,"3":4,"4":1,"5":1},"fnMap":{"1":{"name":"constructor","line":44,"loc":{"start":{"line":41,"column":4},"end":{"line":50,"column":4}}},"2":{"name":"createAuction","line":53,"loc":{"start":{"line":53,"column":4},"end":{"line":96,"column":4}}},"3":{"name":"predictAuctionAddress","line":99,"loc":{"start":{"line":99,"column":4},"end":{"line":127,"column":4}}},"4":{"name":"getAllAuctions","line":131,"loc":{"start":{"line":131,"column":4},"end":{"line":133,"column":4}}},"5":{"name":"upgradeImplementation","line":136,"loc":{"start":{"line":136,"column":4},"end":{"line":145,"column":4}}}},"statementMap":{"1":{"start":{"line":45,"column":8},"end":{"line":45,"column":68}},"2":{"start":{"line":46,"column":8},"end":{"line":46,"column":93}},"3":{"start":{"line":60,"column":8},"end":{"line":60,"column":64}},"4":{"start":{"line":61,"column":8},"end":{"line":61,"column":72}},"5":{"start":{"line":62,"column":8},"end":{"line":62,"column":67}},"6":{"start":{"line":63,"column":8},"end":{"line":63,"column":103}},"7":{"start":{"line":66,"column":8},"end":{"line":66,"column":2120}},"8":{"start":{"line":79,"column":8},"end":{"line":79,"column":67}},"9":{"start":{"line":88,"column":8},"end":{"line":88,"column":76}},"10":{"start":{"line":89,"column":8},"end":{"line":89,"column":93}},"11":{"start":{"line":93,"column":8},"end":{"line":93,"column":37}},"12":{"start":{"line":95,"column":8},"end":{"line":95,"column":77}},"13":{"start":{"line":107,"column":8},"end":{"line":107,"column":3505}},"14":{"start":{"line":117,"column":8},"end":{"line":117,"column":3775}},"15":{"start":{"line":122,"column":8},"end":{"line":122,"column":67}},"16":{"start":{"line":124,"column":8},"end":{"line":124,"column":83}},"17":{"start":{"line":126,"column":8},"end":{"line":126,"column":30}},"18":{"start":{"line":132,"column":8},"end":{"line":132,"column":26}},"19":{"start":{"line":137,"column":8},"end":{"line":137,"column":82}},"20":{"start":{"line":138,"column":8},"end":{"line":138,"column":93}},"21":{"start":{"line":140,"column":8},"end":{"line":140,"column":57}},"22":{"start":{"line":144,"column":8},"end":{"line":144,"column":104}}},"branchMap":{"1":{"line":45,"type":"if","locations":[{"start":{"line":45,"column":8},"end":{"line":45,"column":8}},{"start":{"line":45,"column":8},"end":{"line":45,"column":8}}]},"2":{"line":46,"type":"if","locations":[{"start":{"line":46,"column":8},"end":{"line":46,"column":8}},{"start":{"line":46,"column":8},"end":{"line":46,"column":8}}]},"3":{"line":60,"type":"if","locations":[{"start":{"line":60,"column":8},"end":{"line":60,"column":8}},{"start":{"line":60,"column":8},"end":{"line":60,"column":8}}]},"4":{"line":61,"type":"if","locations":[{"start":{"line":61,"column":8},"end":{"line":61,"column":8}},{"start":{"line":61,"column":8},"end":{"line":61,"column":8}}]},"5":{"line":62,"type":"if","locations":[{"start":{"line":62,"column":8},"end":{"line":62,"column":8}},{"start":{"line":62,"column":8},"end":{"line":62,"column":8}}]},"6":{"line":63,"type":"if","locations":[{"start":{"line":63,"column":8},"end":{"line":63,"column":8}},{"start":{"line":63,"column":8},"end":{"line":63,"column":8}}]},"7":{"line":89,"type":"if","locations":[{"start":{"line":89,"column":8},"end":{"line":89,"column":8}},{"start":{"line":89,"column":8},"end":{"line":89,"column":8}}]},"8":{"line":136,"type":"if","locations":[{"start":{"line":136,"column":72},"end":{"line":136,"column":72}},{"start":{"line":136,"column":72},"end":{"line":136,"column":72}}]},"9":{"line":137,"type":"if","locations":[{"start":{"line":137,"column":8},"end":{"line":137,"column":8}},{"start":{"line":137,"column":8},"end":{"line":137,"column":8}}]},"10":{"line":138,"type":"if","locations":[{"start":{"line":138,"column":8},"end":{"line":138,"column":8}},{"start":{"line":138,"column":8},"end":{"line":138,"column":8}}]}}},
"contracts\\MyAuctionV2.sol":{"l":{"8":1},"path":"D:\\web3_homework\\solidity_homework_project\\taskThree\\contracts\\MyAuctionV2.sol","s":{"1":1},"b":{},"f":{"1":1},"fnMap":{"1":{"name":"version","line":7,"loc":{"start":{"line":7,"column":4},"end":{"line":9,"column":4}}}},"statementMap":{"1":{"start":{"line":8,"column":8},"end":{"line":8,"column":23}}},"branchMap":{}},
"contracts\\MyERC20.sol":{"l":{"10":10,"14":19},"path":"D:\\web3_homework\\solidity_homework_project\\taskThree\\contracts\\MyERC20.sol","s":{"1":10,"2":19},"b":{},"f":{"1":10,"2":19},"fnMap":{"1":{"name":"constructor","line":9,"loc":{"start":{"line":9,"column":4},"end":{"line":11,"column":4}}},"2":{"name":"decimals","line":13,"loc":{"start":{"line":13,"column":4},"end":{"line":15,"column":4}}}},"statementMap":{"1":{"start":{"line":10,"column":8},"end":{"line":10,"column":56}},"2":{"start":{"line":14,"column":8},"end":{"line":14,"column":17}}},"branchMap":{}},
"contracts\\MyNFT.sol":{"l":{"14":21,"15":21,"16":21,"17":21,"18":21,"23":4,"28":0},"path":"D:\\web3_homework\\solidity_homework_project\\taskThree\\contracts\\MyNFT.sol","s":{"1":21,"2":21,"3":21,"4":21,"5":4,"6":0},"b":{},"f":{"1":20,"2":21,"3":4,"4":0},"fnMap":{"1":{"name":"constructor","line":10,"loc":{"start":{"line":10,"column":4},"end":{"line":10,"column":100}}},"2":{"name":"mint","line":13,"loc":{"start":{"line":13,"column":4},"end":{"line":19,"column":4}}},"3":{"name":"tokenURI","line":22,"loc":{"start":{"line":22,"column":4},"end":{"line":24,"column":4}}},"4":{"name":"supportsInterface","line":27,"loc":{"start":{"line":27,"column":4},"end":{"line":29,"column":4}}}},"statementMap":{"1":{"start":{"line":14,"column":8},"end":{"line":14,"column":38}},"2":{"start":{"line":16,"column":8},"end":{"line":16,"column":25}},"3":{"start":{"line":17,"column":8},"end":{"line":17,"column":38}},"4":{"start":{"line":18,"column":8},"end":{"line":18,"column":22}},"5":{"start":{"line":23,"column":8},"end":{"line":23,"column":38}},"6":{"start":{"line":28,"column":8},"end":{"line":28,"column":51}}},"branchMap":{}}}
