TN:
SF:D:\web3_homework\solidity_homework_project\taskThree\contracts\Erc20ToUsdPriceFeed.sol
FN:13,constructor
FN:19,decimals
FN:23,description
FN:27,version
FN:31,getRoundData
FN:37,latestRoundData
FNF:6
FNH:5
FNDA:10,constructor
FNDA:10,decimals
FNDA:1,description
FNDA:1,version
FNDA:0,getRoundData
FNDA:10,latestRoundData
DA:14,10
DA:15,10
DA:16,10
DA:20,10
DA:24,1
DA:28,1
DA:34,0
DA:44,10
LF:8
LH:7
BRF:0
BRH:0
end_of_record
TN:
SF:D:\web3_homework\solidity_homework_project\taskThree\contracts\EthToUsdPriceFeed.sol
FN:13,constructor
FN:19,decimals
FN:23,description
FN:27,version
FN:31,getRoundData
FN:37,latestRoundData
FNF:6
FNH:5
FNDA:10,constructor
FNDA:33,decimals
FNDA:1,description
FNDA:1,version
FNDA:0,getRoundData
FNDA:33,latestRoundData
DA:14,10
DA:15,10
DA:16,10
DA:20,33
DA:24,1
DA:28,1
DA:34,0
DA:44,33
LF:8
LH:7
BRF:0
BRH:0
end_of_record
TN:
SF:D:\web3_homework\solidity_homework_project\taskThree\contracts\Lock.sol
FN:13,constructor
FN:23,withdraw
FNF:2
FNH:2
FNDA:2,constructor
FNDA:5,withdraw
DA:14,2
DA:19,1
DA:20,1
DA:27,5
DA:28,4
DA:30,3
DA:32,3
LF:7
LH:7
BRDA:14,1,0,1
BRDA:14,1,1,1
BRDA:27,2,0,4
BRDA:27,2,1,1
BRDA:28,3,0,3
BRDA:28,3,1,1
BRF:6
BRH:6
end_of_record
TN:
SF:D:\web3_homework\solidity_homework_project\taskThree\contracts\MyAuction.sol
FN:78,onlyBeforeEnd
FN:83,onlyAfterEnd
FN:103,initialize
FN:139,getAuctionInfo
FN:145,setPriceFeeds
FN:151,getPriceUSD
FN:178,bidByETH
FN:204,bidByToken
FN:234,_refundPreviousBidder
FN:247,endAuction
FN:267,claimNFT
FN:276,claimNFTtoSeller
FN:291,_transferNFT
FN:302,claimPayment
FN:324,_authorizeUpgrade
FN:332,withdrawStuckETH
FNF:16
FNH:14
FNDA:13,onlyBeforeEnd
FNDA:2,onlyAfterEnd
FNDA:13,initialize
FNDA:15,getAuctionInfo
FNDA:18,setPriceFeeds
FNDA:41,getPriceUSD
FNDA:7,bidByETH
FNDA:6,bidByToken
FNDA:9,_refundPreviousBidder
FNDA:2,endAuction
FNDA:1,claimNFT
FNDA:1,claimNFTtoSeller
FNDA:1,_transferNFT
FNDA:2,claimPayment
FNDA:0,_authorizeUpgrade
FNDA:0,withdrawStuckETH
DA:79,13
DA:80,13
DA:84,2
DA:85,2
DA:104,13
DA:105,13
DA:106,13
DA:109,13
DA:110,13
DA:111,13
DA:112,13
DA:113,13
DA:115,13
DA:119,13
DA:135,13
DA:140,15
DA:146,18
DA:147,18
DA:152,41
DA:153,41
DA:155,41
DA:156,41
DA:157,41
DA:159,41
DA:162,41
DA:163,41
DA:164,32
DA:166,9
DA:170,41
DA:174,41
DA:179,7
DA:182,7
DA:184,7
DA:186,7
DA:187,7
DA:188,6
DA:192,5
DA:195,5
DA:196,5
DA:197,5
DA:199,5
DA:205,6
DA:206,6
DA:207,6
DA:210,6
DA:212,6
DA:214,6
DA:215,6
DA:216,5
DA:219,4
DA:223,4
DA:226,4
DA:227,4
DA:228,4
DA:230,4
DA:235,9
DA:236,3
DA:238,2
DA:241,1
DA:248,2
DA:250,2
DA:253,2
DA:268,1
DA:269,1
DA:270,1
DA:272,1
DA:277,1
DA:278,1
DA:279,1
DA:282,1
DA:292,1
DA:294,1
DA:296,1
DA:298,1
DA:303,2
DA:304,2
DA:307,2
DA:308,1
DA:309,1
DA:311,1
DA:313,0
DA:316,1
DA:320,2
DA:328,0
DA:333,0
DA:334,0
LF:86
LH:82
BRDA:79,1,0,13
BRDA:79,1,1,0
BRDA:84,2,0,2
BRDA:84,2,1,0
BRDA:103,3,0,13
BRDA:103,3,1,0
BRDA:109,4,0,13
BRDA:109,4,1,0
BRDA:110,5,0,13
BRDA:110,5,1,0
BRDA:111,6,0,13
BRDA:111,6,1,0
BRDA:112,7,0,13
BRDA:112,7,1,0
BRDA:113,8,0,13
BRDA:113,8,1,0
BRDA:115,9,0,13
BRDA:115,9,1,0
BRDA:115,10,0,0
BRDA:115,10,1,13
BRDA:152,11,0,41
BRDA:152,11,1,0
BRDA:153,12,0,41
BRDA:153,12,1,0
BRDA:157,13,0,41
BRDA:157,13,1,0
BRDA:163,14,0,32
BRDA:163,14,1,9
BRDA:178,15,0,7
BRDA:178,15,1,0
BRDA:178,16,0,7
BRDA:178,16,1,0
BRDA:179,17,0,7
BRDA:179,17,1,0
BRDA:187,18,0,6
BRDA:187,18,1,1
BRDA:188,19,0,5
BRDA:188,19,1,1
BRDA:204,20,0,6
BRDA:204,20,1,0
BRDA:204,21,0,6
BRDA:204,21,1,0
BRDA:205,22,0,6
BRDA:205,22,1,0
BRDA:206,23,0,6
BRDA:206,23,1,0
BRDA:207,24,0,6
BRDA:207,24,1,0
BRDA:215,25,0,5
BRDA:215,25,1,1
BRDA:216,26,0,4
BRDA:216,26,1,1
BRDA:235,27,0,3
BRDA:235,27,1,6
BRDA:236,28,0,2
BRDA:236,28,1,1
BRDA:247,29,0,2
BRDA:247,29,1,0
BRDA:248,30,0,2
BRDA:248,30,1,0
BRDA:267,31,0,1
BRDA:267,31,1,0
BRDA:268,32,0,1
BRDA:268,32,1,0
BRDA:269,33,0,1
BRDA:269,33,1,0
BRDA:270,34,0,1
BRDA:270,34,1,0
BRDA:276,35,0,1
BRDA:276,35,1,0
BRDA:277,36,0,1
BRDA:277,36,1,0
BRDA:278,37,0,1
BRDA:278,37,1,0
BRDA:279,38,0,1
BRDA:279,38,1,0
BRDA:292,39,0,1
BRDA:292,39,1,0
BRDA:302,40,0,2
BRDA:302,40,1,0
BRDA:303,41,0,2
BRDA:303,41,1,0
BRDA:304,42,0,2
BRDA:304,42,1,0
BRDA:307,43,0,1
BRDA:307,43,1,1
BRDA:311,44,0,0
BRDA:311,44,1,1
BRDA:324,45,0,0
BRDA:324,45,1,0
BRDA:332,46,0,0
BRDA:332,46,1,0
BRDA:333,47,0,0
BRDA:333,47,1,0
BRF:94
BRH:52
end_of_record
TN:
SF:D:\web3_homework\solidity_homework_project\taskThree\contracts\MyAuctionFactory.sol
FN:44,constructor
FN:53,createAuction
FN:99,predictAuctionAddress
FN:131,getAllAuctions
FN:136,upgradeImplementation
FNF:5
FNH:5
FNDA:5,constructor
FNDA:5,createAuction
FNDA:4,predictAuctionAddress
FNDA:1,getAllAuctions
FNDA:1,upgradeImplementation
DA:45,5
DA:46,5
DA:48,5
DA:49,5
DA:60,5
DA:61,5
DA:62,5
DA:63,5
DA:66,4
DA:79,4
DA:81,4
DA:88,4
DA:89,4
DA:92,4
DA:93,4
DA:95,4
DA:107,4
DA:117,4
DA:122,4
DA:124,4
DA:126,4
DA:132,1
DA:137,1
DA:138,1
DA:140,1
DA:141,1
DA:142,1
DA:144,1
LF:28
LH:28
BRDA:45,1,0,5
BRDA:45,1,1,0
BRDA:46,2,0,5
BRDA:46,2,1,0
BRDA:60,3,0,5
BRDA:60,3,1,0
BRDA:61,4,0,5
BRDA:61,4,1,0
BRDA:62,5,0,5
BRDA:62,5,1,0
BRDA:63,6,0,4
BRDA:63,6,1,1
BRDA:89,7,0,4
BRDA:89,7,1,0
BRDA:136,8,0,1
BRDA:136,8,1,0
BRDA:137,9,0,1
BRDA:137,9,1,0
BRDA:138,10,0,1
BRDA:138,10,1,0
BRF:20
BRH:11
end_of_record
TN:
SF:D:\web3_homework\solidity_homework_project\taskThree\contracts\MyAuctionV2.sol
FN:7,version
FNF:1
FNH:1
FNDA:1,version
DA:8,1
LF:1
LH:1
BRF:0
BRH:0
end_of_record
TN:
SF:D:\web3_homework\solidity_homework_project\taskThree\contracts\MyERC20.sol
FN:9,constructor
FN:13,decimals
FNF:2
FNH:2
FNDA:10,constructor
FNDA:19,decimals
DA:10,10
DA:14,19
LF:2
LH:2
BRF:0
BRH:0
end_of_record
TN:
SF:D:\web3_homework\solidity_homework_project\taskThree\contracts\MyNFT.sol
FN:10,constructor
FN:13,mint
FN:22,tokenURI
FN:27,supportsInterface
FNF:4
FNH:3
FNDA:20,constructor
FNDA:21,mint
FNDA:4,tokenURI
FNDA:0,supportsInterface
DA:14,21
DA:15,21
DA:16,21
DA:17,21
DA:18,21
DA:23,4
DA:28,0
LF:7
LH:6
BRF:0
BRH:0
end_of_record
